ERROR - 2022-10-26 13:55:53 --> Error connecting to the database: mysqli_sql_exception: Unknown database 'ares' in C:\xampp\htdocs\grad-real-estate-pro\system\Database\MySQLi\Connection.php:171
Stack trace:
#0 C:\xampp\htdocs\grad-real-estate-pro\system\Database\MySQLi\Connection.php(171): mysqli->real_connect('localhost', 'root', '', 'ares', 3306, '', 0)
#1 C:\xampp\htdocs\grad-real-estate-pro\system\Database\BaseConnection.php(382): CodeIgniter\Database\MySQLi\Connection->connect(false)
#2 C:\xampp\htdocs\grad-real-estate-pro\system\Database\BaseConnection.php(588): CodeIgniter\Database\BaseConnection->initialize()
#3 C:\xampp\htdocs\grad-real-estate-pro\system\Database\BaseConnection.php(1387): CodeIgniter\Database\BaseConnection->query('SHOW TABLES FRO...')
#4 C:\xampp\htdocs\grad-real-estate-pro\system\Database\BaseConnection.php(1421): CodeIgniter\Database\BaseConnection->listTables()
#5 C:\xampp\htdocs\grad-real-estate-pro\app\Libraries\database.php(14): CodeIgniter\Database\BaseConnection->tableExists('ares_test')
#6 C:\xampp\htdocs\grad-real-estate-pro\system\Config\Factories.php(126): App\Libraries\database->__construct(NULL)
#7 C:\xampp\htdocs\grad-real-estate-pro\system\Config\Factories.php(83): CodeIgniter\Config\Factories::__callStatic('models', Array)
#8 C:\xampp\htdocs\grad-real-estate-pro\system\Common.php(817): CodeIgniter\Config\Factories::models('testModel', Array, NULL)
#9 C:\xampp\htdocs\grad-real-estate-pro\app\Views\home.php(9): model('testModel')
#10 C:\xampp\htdocs\grad-real-estate-pro\system\View\View.php(213): include('C:\\xampp\\htdocs...')
#11 C:\xampp\htdocs\grad-real-estate-pro\system\View\View.php(216): CodeIgniter\View\View->CodeIgniter\View\{closure}()
#12 C:\xampp\htdocs\grad-real-estate-pro\system\Common.php(1142): CodeIgniter\View\View->render('home', Array, true)
#13 C:\xampp\htdocs\grad-real-estate-pro\app\Controllers\Home.php(10): view('home', Array)
#14 C:\xampp\htdocs\grad-real-estate-pro\system\CodeIgniter.php(902): App\Controllers\Home->index()
#15 C:\xampp\htdocs\grad-real-estate-pro\system\CodeIgniter.php(457): CodeIgniter\CodeIgniter->runController(Object(App\Controllers\Home))
#16 C:\xampp\htdocs\grad-real-estate-pro\system\CodeIgniter.php(340): CodeIgniter\CodeIgniter->handleRequest(NULL, Object(Config\Cache), false)
#17 C:\xampp\htdocs\grad-real-estate-pro\index.php(67): CodeIgniter\CodeIgniter->run()
#18 {main}

Next CodeIgniter\Database\Exceptions\DatabaseException: Unknown database 'ares' in C:\xampp\htdocs\grad-real-estate-pro\system\Database\MySQLi\Connection.php:215
Stack trace:
#0 C:\xampp\htdocs\grad-real-estate-pro\system\Database\BaseConnection.php(382): CodeIgniter\Database\MySQLi\Connection->connect(false)
#1 C:\xampp\htdocs\grad-real-estate-pro\system\Database\BaseConnection.php(588): CodeIgniter\Database\BaseConnection->initialize()
#2 C:\xampp\htdocs\grad-real-estate-pro\system\Database\BaseConnection.php(1387): CodeIgniter\Database\BaseConnection->query('SHOW TABLES FRO...')
#3 C:\xampp\htdocs\grad-real-estate-pro\system\Database\BaseConnection.php(1421): CodeIgniter\Database\BaseConnection->listTables()
#4 C:\xampp\htdocs\grad-real-estate-pro\app\Libraries\database.php(14): CodeIgniter\Database\BaseConnection->tableExists('ares_test')
#5 C:\xampp\htdocs\grad-real-estate-pro\system\Config\Factories.php(126): App\Libraries\database->__construct(NULL)
#6 C:\xampp\htdocs\grad-real-estate-pro\system\Config\Factories.php(83): CodeIgniter\Config\Factories::__callStatic('models', Array)
#7 C:\xampp\htdocs\grad-real-estate-pro\system\Common.php(817): CodeIgniter\Config\Factories::models('testModel', Array, NULL)
#8 C:\xampp\htdocs\grad-real-estate-pro\app\Views\home.php(9): model('testModel')
#9 C:\xampp\htdocs\grad-real-estate-pro\system\View\View.php(213): include('C:\\xampp\\htdocs...')
#10 C:\xampp\htdocs\grad-real-estate-pro\system\View\View.php(216): CodeIgniter\View\View->CodeIgniter\View\{closure}()
#11 C:\xampp\htdocs\grad-real-estate-pro\system\Common.php(1142): CodeIgniter\View\View->render('home', Array, true)
#12 C:\xampp\htdocs\grad-real-estate-pro\app\Controllers\Home.php(10): view('home', Array)
#13 C:\xampp\htdocs\grad-real-estate-pro\system\CodeIgniter.php(902): App\Controllers\Home->index()
#14 C:\xampp\htdocs\grad-real-estate-pro\system\CodeIgniter.php(457): CodeIgniter\CodeIgniter->runController(Object(App\Controllers\Home))
#15 C:\xampp\htdocs\grad-real-estate-pro\system\CodeIgniter.php(340): CodeIgniter\CodeIgniter->handleRequest(NULL, Object(Config\Cache), false)
#16 C:\xampp\htdocs\grad-real-estate-pro\index.php(67): CodeIgniter\CodeIgniter->run()
#17 {main}
CRITICAL - 2022-10-26 13:55:53 --> Unable to connect to the database.
Main connection [MySQLi]: Unknown database 'ares'
in SYSTEMPATH\Database\BaseConnection.php on line 418.
 1 SYSTEMPATH\Database\BaseConnection.php(588): CodeIgniter\Database\BaseConnection->initialize()
 2 SYSTEMPATH\Database\BaseConnection.php(1387): CodeIgniter\Database\BaseConnection->query('SHOW TABLES FROM `ares`')
 3 SYSTEMPATH\Database\BaseConnection.php(1421): CodeIgniter\Database\BaseConnection->listTables()
 4 APPPATH\Libraries\database.php(14): CodeIgniter\Database\BaseConnection->tableExists('ares_test')
 5 SYSTEMPATH\Config\Factories.php(126): App\Libraries\database->__construct(null)
 6 SYSTEMPATH\Config\Factories.php(83): CodeIgniter\Config\Factories::__callStatic('models', [...])
 7 SYSTEMPATH\Common.php(817): CodeIgniter\Config\Factories::models('testModel', [...], null)
 8 APPPATH\Views\home.php(9): model('testModel')
 9 SYSTEMPATH\View\View.php(213): include('APPPATH\\Views\\home.php')
10 SYSTEMPATH\View\View.php(216): CodeIgniter\View\View->CodeIgniter\View\{closure}()
11 SYSTEMPATH\Common.php(1142): CodeIgniter\View\View->render('home', [], true)
12 APPPATH\Controllers\Home.php(10): view('home', [...])
13 SYSTEMPATH\CodeIgniter.php(902): App\Controllers\Home->index()
14 SYSTEMPATH\CodeIgniter.php(457): CodeIgniter\CodeIgniter->runController(Object(App\Controllers\Home))
15 SYSTEMPATH\CodeIgniter.php(340): CodeIgniter\CodeIgniter->handleRequest(null, Object(Config\Cache), false)
16 FCPATH\index.php(67): CodeIgniter\CodeIgniter->run()
